0 verbose cli /usr/local/bin/node /usr/local/bin/npm
1 info using npm@10.9.2
2 info using node@v22.13.1
3 silly config load:file:/usr/local/lib/node_modules/npm/npmrc
4 silly config load:file:/Users/ksenialukanina/Documents/Rest/restaurant-app/.npmrc
5 silly config load:file:/Users/ksenialukanina/.npmrc
6 silly config load:file:/usr/local/etc/npmrc
7 verbose title npm install clsx tailwind-merge class-variance-authority @radix-ui/react-toggle @radix-ui/react-toggle-group @radix-ui/react-tooltip @radix-ui/react-slot lucide-react sonner motion next-themes
8 verbose argv "install" "clsx" "tailwind-merge" "class-variance-authority" "@radix-ui/react-toggle" "@radix-ui/react-toggle-group" "@radix-ui/react-tooltip" "@radix-ui/react-slot" "lucide-react" "sonner" "motion" "next-themes" "--cache" ".npm-cache"
9 verbose logfile logs-max:10 dir:/Users/ksenialukanina/Documents/Rest/restaurant-app/.npm-cache/_logs/2026-01-27T23_25_52_888Z-
10 verbose logfile /Users/ksenialukanina/Documents/Rest/restaurant-app/.npm-cache/_logs/2026-01-27T23_25_52_888Z-debug-0.log
11 silly logfile done cleaning log files
12 silly packumentCache heap:4345298944 maxSize:1086324736 maxEntrySize:543162368
13 silly idealTree buildDeps
14 silly fetch manifest clsx@*
15 silly packumentCache full:https://registry.npmjs.org/clsx cache-miss
16 http fetch GET 200 https://registry.npmjs.org/clsx 186ms (cache miss)
17 silly packumentCache full:https://registry.npmjs.org/clsx set size:undefined disposed:false
18 silly fetch manifest tailwind-merge@*
19 silly packumentCache full:https://registry.npmjs.org/tailwind-merge cache-miss
20 http fetch GET 200 https://registry.npmjs.org/tailwind-merge 76ms (cache miss)
21 silly packumentCache full:https://registry.npmjs.org/tailwind-merge set size:undefined disposed:false
22 silly fetch manifest class-variance-authority@*
23 silly packumentCache full:https://registry.npmjs.org/class-variance-authority cache-miss
24 http fetch GET 200 https://registry.npmjs.org/class-variance-authority 44ms (cache miss)
25 silly packumentCache full:https://registry.npmjs.org/class-variance-authority set size:undefined disposed:false
26 silly fetch manifest @radix-ui/react-toggle@*
27 silly packumentCache full:https://registry.npmjs.org/@radix-ui%2freact-toggle cache-miss
28 http fetch GET 200 https://registry.npmjs.org/@radix-ui%2freact-toggle 61ms (cache miss)
29 silly packumentCache full:https://registry.npmjs.org/@radix-ui%2freact-toggle set size:undefined disposed:false
30 silly fetch manifest @types/react@^19
31 silly packumentCache full:https://registry.npmjs.org/@types%2freact cache-miss
32 http fetch GET 200 https://registry.npmjs.org/@types%2freact 54ms (cache revalidated)
33 silly packumentCache full:https://registry.npmjs.org/@types%2freact set size:2555610 disposed:false
34 silly fetch manifest @types/react-dom@^19
35 silly packumentCache full:https://registry.npmjs.org/@types%2freact-dom cache-miss
36 http fetch GET 200 https://registry.npmjs.org/@types%2freact-dom 58ms (cache revalidated)
37 silly packumentCache full:https://registry.npmjs.org/@types%2freact-dom set size:429026 disposed:false
38 silly fetch manifest react@19.2.3
39 silly packumentCache full:https://registry.npmjs.org/react cache-miss
40 http fetch GET 200 https://registry.npmjs.org/react 54ms (cache revalidated)
41 silly packumentCache full:https://registry.npmjs.org/react set size:6427064 disposed:false
42 silly fetch manifest react-dom@19.2.3
43 silly packumentCache full:https://registry.npmjs.org/react-dom cache-miss
44 http fetch GET 200 https://registry.npmjs.org/react-dom 50ms (cache revalidated)
45 silly packumentCache full:https://registry.npmjs.org/react-dom set size:8482254 disposed:false
46 silly fetch manifest @radix-ui/react-toggle-group@*
47 silly packumentCache full:https://registry.npmjs.org/@radix-ui%2freact-toggle-group cache-miss
48 http fetch GET 200 https://registry.npmjs.org/@radix-ui%2freact-toggle-group 167ms (cache miss)
49 silly packumentCache full:https://registry.npmjs.org/@radix-ui%2freact-toggle-group set size:undefined disposed:false
50 silly fetch manifest @radix-ui/react-tooltip@*
51 silly packumentCache full:https://registry.npmjs.org/@radix-ui%2freact-tooltip cache-miss
52 http fetch GET 200 https://registry.npmjs.org/@radix-ui%2freact-tooltip 67ms (cache miss)
53 silly packumentCache full:https://registry.npmjs.org/@radix-ui%2freact-tooltip set size:undefined disposed:false
54 silly fetch manifest @radix-ui/react-slot@*
55 silly packumentCache full:https://registry.npmjs.org/@radix-ui%2freact-slot cache-miss
56 http fetch GET 200 https://registry.npmjs.org/@radix-ui%2freact-slot 54ms (cache revalidated)
57 silly packumentCache full:https://registry.npmjs.org/@radix-ui%2freact-slot set size:387271 disposed:false
58 silly fetch manifest lucide-react@*
59 silly packumentCache full:https://registry.npmjs.org/lucide-react cache-miss
60 http fetch GET 200 https://registry.npmjs.org/lucide-react 56ms (cache miss)
61 silly packumentCache full:https://registry.npmjs.org/lucide-react set size:undefined disposed:false
62 silly fetch manifest sonner@*
63 silly packumentCache full:https://registry.npmjs.org/sonner cache-miss
64 http fetch GET 200 https://registry.npmjs.org/sonner 42ms (cache miss)
65 silly packumentCache full:https://registry.npmjs.org/sonner set size:undefined disposed:false
66 silly fetch manifest motion@*
67 silly packumentCache full:https://registry.npmjs.org/motion cache-miss
68 http fetch GET 200 https://registry.npmjs.org/motion 55ms (cache miss)
69 silly packumentCache full:https://registry.npmjs.org/motion set size:undefined disposed:false
70 silly fetch manifest @emotion/is-prop-valid@*
71 silly packumentCache full:https://registry.npmjs.org/@emotion%2fis-prop-valid cache-miss
72 http fetch GET 200 https://registry.npmjs.org/@emotion%2fis-prop-valid 58ms (cache miss)
73 silly packumentCache full:https://registry.npmjs.org/@emotion%2fis-prop-valid set size:undefined disposed:false
74 silly fetch manifest next-themes@*
75 silly packumentCache full:https://registry.npmjs.org/next-themes cache-miss
76 http fetch GET 200 https://registry.npmjs.org/next-themes 40ms (cache miss)
77 silly packumentCache full:https://registry.npmjs.org/next-themes set size:undefined disposed:false
78 silly placeDep ROOT @radix-ui/react-slot@1.2.4 REPLACE for: restaurant-app@0.1.0 want: *
79 silly placeDep ROOT @radix-ui/react-toggle@1.1.10 OK for: restaurant-app@0.1.0 want: *
80 silly placeDep ROOT @radix-ui/react-toggle-group@1.1.11 OK for: restaurant-app@0.1.0 want: *
81 silly placeDep ROOT @radix-ui/react-tooltip@1.2.8 OK for: restaurant-app@0.1.0 want: *
82 silly placeDep ROOT class-variance-authority@0.7.1 OK for: restaurant-app@0.1.0 want: *
83 silly placeDep ROOT clsx@2.1.1 OK for: restaurant-app@0.1.0 want: *
84 silly placeDep ROOT lucide-react@0.563.0 OK for: restaurant-app@0.1.0 want: *
85 silly placeDep ROOT motion@12.29.2 OK for: restaurant-app@0.1.0 want: *
86 silly placeDep ROOT next-themes@0.4.6 OK for: restaurant-app@0.1.0 want: *
87 silly placeDep ROOT sonner@2.0.7 OK for: restaurant-app@0.1.0 want: *
88 silly placeDep ROOT tailwind-merge@3.4.0 OK for: restaurant-app@0.1.0 want: *
89 silly fetch manifest @radix-ui/react-slot@1.2.3
90 silly packumentCache full:https://registry.npmjs.org/@radix-ui%2freact-slot cache-hit
91 silly fetch manifest @radix-ui/react-popper@1.2.8
92 silly packumentCache full:https://registry.npmjs.org/@radix-ui%2freact-popper cache-miss
93 silly fetch manifest @radix-ui/react-portal@1.1.9
94 silly packumentCache full:https://registry.npmjs.org/@radix-ui%2freact-portal cache-miss
95 silly fetch manifest @radix-ui/react-visually-hidden@1.2.3
96 silly packumentCache full:https://registry.npmjs.org/@radix-ui%2freact-visually-hidden cache-miss
97 silly fetch manifest @radix-ui/react-dismissable-layer@1.1.11
98 silly packumentCache full:https://registry.npmjs.org/@radix-ui%2freact-dismissable-layer cache-miss
99 silly fetch manifest clsx@^2.1.1
100 silly packumentCache full:https://registry.npmjs.org/clsx cache-miss
101 silly fetch manifest framer-motion@^12.29.2
102 silly packumentCache full:https://registry.npmjs.org/framer-motion cache-miss
103 http cache https://registry.npmjs.org/clsx 7ms (cache hit)
104 silly packumentCache full:https://registry.npmjs.org/clsx set size:42506 disposed:false
105 http fetch GET 200 https://registry.npmjs.org/@radix-ui%2freact-popper 150ms (cache miss)
106 silly packumentCache full:https://registry.npmjs.org/@radix-ui%2freact-popper set size:undefined disposed:false
107 http fetch GET 200 https://registry.npmjs.org/@radix-ui%2freact-dismissable-layer 153ms (cache miss)
108 silly packumentCache full:https://registry.npmjs.org/@radix-ui%2freact-dismissable-layer set size:undefined disposed:false
109 http fetch GET 200 https://registry.npmjs.org/framer-motion 189ms (cache miss)
110 silly packumentCache full:https://registry.npmjs.org/framer-motion set size:undefined disposed:false
111 http fetch GET 200 https://registry.npmjs.org/@radix-ui%2freact-portal 265ms (cache miss)
112 silly packumentCache full:https://registry.npmjs.org/@radix-ui%2freact-portal set size:undefined disposed:false
113 http fetch GET 200 https://registry.npmjs.org/@radix-ui%2freact-visually-hidden 329ms (cache miss)
114 silly packumentCache full:https://registry.npmjs.org/@radix-ui%2freact-visually-hidden set size:undefined disposed:false
115 silly fetch manifest @types/react@*
116 silly packumentCache full:https://registry.npmjs.org/@types%2freact cache-miss
117 http cache https://registry.npmjs.org/@types%2freact 5ms (cache hit)
118 silly packumentCache full:https://registry.npmjs.org/@types%2freact set size:2555610 disposed:false
119 silly fetch manifest react@^16.8 || ^17.0 || ^18.0 || ^19.0 || ^19.0.0-rc
120 silly packumentCache full:https://registry.npmjs.org/react cache-miss
121 http cache https://registry.npmjs.org/react 9ms (cache hit)
122 silly packumentCache full:https://registry.npmjs.org/react set size:6427064 disposed:false
123 silly placeDep node_modules/@radix-ui/react-collection @radix-ui/react-slot@1.2.3 OK for: @radix-ui/react-collection@1.1.7 want: 1.2.3
124 silly placeDep node_modules/@radix-ui/react-primitive @radix-ui/react-slot@1.2.3 OK for: @radix-ui/react-primitive@2.1.3 want: 1.2.3
125 silly fetch manifest @types/react-dom@*
126 silly packumentCache full:https://registry.npmjs.org/@types%2freact-dom cache-hit
127 silly fetch manifest react-dom@^16.8 || ^17.0 || ^18.0 || ^19.0 || ^19.0.0-rc
128 silly packumentCache full:https://registry.npmjs.org/react-dom cache-miss
129 http cache https://registry.npmjs.org/react-dom 11ms (cache hit)
130 silly packumentCache full:https://registry.npmjs.org/react-dom set size:8482254 disposed:false
131 silly placeDep ROOT @radix-ui/react-dismissable-layer@1.1.11 OK for: @radix-ui/react-tooltip@1.2.8 want: 1.1.11
132 silly placeDep ROOT @radix-ui/react-popper@1.2.8 OK for: @radix-ui/react-tooltip@1.2.8 want: 1.2.8
133 silly placeDep ROOT @radix-ui/react-portal@1.1.9 OK for: @radix-ui/react-tooltip@1.2.8 want: 1.1.9
134 silly placeDep node_modules/@radix-ui/react-tooltip @radix-ui/react-slot@1.2.3 OK for: @radix-ui/react-tooltip@1.2.8 want: 1.2.3
135 silly placeDep ROOT @radix-ui/react-visually-hidden@1.2.3 OK for: @radix-ui/react-tooltip@1.2.8 want: 1.2.3
136 silly fetch manifest @radix-ui/react-use-escape-keydown@1.1.1
137 silly packumentCache full:https://registry.npmjs.org/@radix-ui%2freact-use-escape-keydown cache-miss
138 silly fetch manifest @radix-ui/rect@1.1.1
139 silly packumentCache full:https://registry.npmjs.org/@radix-ui%2frect cache-miss
140 silly fetch manifest @radix-ui/react-arrow@1.1.7
141 silly packumentCache full:https://registry.npmjs.org/@radix-ui%2freact-arrow cache-miss
142 silly fetch manifest @floating-ui/react-dom@^2.0.0
143 silly packumentCache full:https://registry.npmjs.org/@floating-ui%2freact-dom cache-miss
144 silly fetch manifest @radix-ui/react-use-rect@1.1.1
145 silly packumentCache full:https://registry.npmjs.org/@radix-ui%2freact-use-rect cache-miss
146 silly fetch manifest @radix-ui/react-use-size@1.1.1
147 silly packumentCache full:https://registry.npmjs.org/@radix-ui%2freact-use-size cache-miss
148 http fetch GET 200 https://registry.npmjs.org/@radix-ui%2frect 55ms (cache miss)
149 silly packumentCache full:https://registry.npmjs.org/@radix-ui%2frect set size:undefined disposed:false
150 http fetch GET 200 https://registry.npmjs.org/@floating-ui%2freact-dom 57ms (cache miss)
151 silly packumentCache full:https://registry.npmjs.org/@floating-ui%2freact-dom set size:undefined disposed:false
152 http fetch GET 200 https://registry.npmjs.org/@radix-ui%2freact-use-escape-keydown 59ms (cache miss)
153 silly packumentCache full:https://registry.npmjs.org/@radix-ui%2freact-use-escape-keydown set size:undefined disposed:false
154 http fetch GET 200 https://registry.npmjs.org/@radix-ui%2freact-use-rect 60ms (cache miss)
155 silly packumentCache full:https://registry.npmjs.org/@radix-ui%2freact-use-rect set size:undefined disposed:false
156 http fetch GET 200 https://registry.npmjs.org/@radix-ui%2freact-arrow 63ms (cache miss)
157 silly packumentCache full:https://registry.npmjs.org/@radix-ui%2freact-arrow set size:undefined disposed:false
158 http fetch GET 200 https://registry.npmjs.org/@radix-ui%2freact-use-size 129ms (cache miss)
159 silly packumentCache full:https://registry.npmjs.org/@radix-ui%2freact-use-size set size:undefined disposed:false
160 silly placeDep ROOT @radix-ui/react-use-escape-keydown@1.1.1 OK for: @radix-ui/react-dismissable-layer@1.1.11 want: 1.1.1
161 silly placeDep ROOT @floating-ui/react-dom@2.1.7 OK for: @radix-ui/react-popper@1.2.8 want: ^2.0.0
162 silly placeDep ROOT @radix-ui/react-arrow@1.1.7 OK for: @radix-ui/react-popper@1.2.8 want: 1.1.7
163 silly placeDep ROOT @radix-ui/react-use-rect@1.1.1 OK for: @radix-ui/react-popper@1.2.8 want: 1.1.1
164 silly placeDep ROOT @radix-ui/react-use-size@1.1.1 OK for: @radix-ui/react-popper@1.2.8 want: 1.1.1
165 silly placeDep ROOT @radix-ui/rect@1.1.1 OK for: @radix-ui/react-popper@1.2.8 want: 1.1.1
166 silly fetch manifest @floating-ui/dom@^1.7.5
167 silly packumentCache full:https://registry.npmjs.org/@floating-ui%2fdom cache-miss
168 http fetch GET 200 https://registry.npmjs.org/@floating-ui%2fdom 59ms (cache miss)
169 silly packumentCache full:https://registry.npmjs.org/@floating-ui%2fdom set size:undefined disposed:false
170 silly placeDep ROOT @floating-ui/dom@1.7.5 OK for: @floating-ui/react-dom@2.1.7 want: ^1.7.5
171 silly fetch manifest @floating-ui/core@^1.7.4
172 silly packumentCache full:https://registry.npmjs.org/@floating-ui%2fcore cache-miss
173 silly fetch manifest @floating-ui/utils@^0.2.10
174 silly packumentCache full:https://registry.npmjs.org/@floating-ui%2futils cache-miss
175 http fetch GET 200 https://registry.npmjs.org/@floating-ui%2fcore 52ms (cache miss)
176 silly packumentCache full:https://registry.npmjs.org/@floating-ui%2fcore set size:undefined disposed:false
177 http fetch GET 200 https://registry.npmjs.org/@floating-ui%2futils 59ms (cache miss)
178 silly packumentCache full:https://registry.npmjs.org/@floating-ui%2futils set size:undefined disposed:false
179 silly placeDep ROOT @floating-ui/core@1.7.4 OK for: @floating-ui/dom@1.7.5 want: ^1.7.4
180 silly placeDep ROOT @floating-ui/utils@0.2.10 OK for: @floating-ui/dom@1.7.5 want: ^0.2.10
181 silly fetch manifest react@^18.0.0 || ^19.0.0
182 silly packumentCache full:https://registry.npmjs.org/react cache-miss
183 http cache https://registry.npmjs.org/react 9ms (cache hit)
184 silly packumentCache full:https://registry.npmjs.org/react set size:6427064 disposed:false
185 silly fetch manifest react-dom@^18.0.0 || ^19.0.0
186 silly packumentCache full:https://registry.npmjs.org/react-dom cache-miss
187 http cache https://registry.npmjs.org/react-dom 12ms (cache hit)
188 silly packumentCache full:https://registry.npmjs.org/react-dom set size:8482254 disposed:false
189 silly placeDep ROOT framer-motion@12.29.2 OK for: motion@12.29.2 want: ^12.29.2
190 silly fetch manifest motion-dom@^12.29.2
191 silly packumentCache full:https://registry.npmjs.org/motion-dom cache-miss
192 silly fetch manifest motion-utils@^12.29.2
193 silly packumentCache full:https://registry.npmjs.org/motion-utils cache-miss
194 http fetch GET 200 https://registry.npmjs.org/motion-utils 47ms (cache miss)
195 silly packumentCache full:https://registry.npmjs.org/motion-utils set size:undefined disposed:false
196 http fetch GET 200 https://registry.npmjs.org/motion-dom 48ms (cache miss)
197 silly packumentCache full:https://registry.npmjs.org/motion-dom set size:undefined disposed:false
198 silly placeDep ROOT motion-dom@12.29.2 OK for: framer-motion@12.29.2 want: ^12.29.2
199 silly placeDep ROOT motion-utils@12.29.2 OK for: framer-motion@12.29.2 want: ^12.29.2
200 silly reify mark retired [
200 silly reify   '/Users/ksenialukanina/Documents/Rest/restaurant-app/node_modules/@radix-ui/react-slot'
200 silly reify ]
201 silly reify moves {
201 silly reify   '/Users/ksenialukanina/Documents/Rest/restaurant-app/node_modules/@radix-ui/react-slot': '/Users/ksenialukanina/Documents/Rest/restaurant-app/node_modules/@radix-ui/.react-slot-ybK4iSBw'
201 silly reify }
202 verbose reify failed optional dependency /Users/ksenialukanina/Documents/Rest/restaurant-app/node_modules/@tailwindcss/oxide-wasm32-wasi
203 silly reify mark deleted [
203 silly reify   '/Users/ksenialukanina/Documents/Rest/restaurant-app/node_modules/@tailwindcss/oxide-wasm32-wasi'
203 silly reify ]
204 silly audit bulk request {
204 silly audit   '@alloc/quick-lru': [ '5.2.0' ],
204 silly audit   '@babel/code-frame': [ '7.28.6' ],
204 silly audit   '@babel/compat-data': [ '7.28.6' ],
204 silly audit   '@babel/core': [ '7.28.6' ],
204 silly audit   '@babel/generator': [ '7.28.6' ],
204 silly audit   '@babel/helper-compilation-targets': [ '7.28.6' ],
204 silly audit   '@babel/helper-globals': [ '7.28.0' ],
204 silly audit   '@babel/helper-module-imports': [ '7.28.6' ],
204 silly audit   '@babel/helper-module-transforms': [ '7.28.6' ],
204 silly audit   '@babel/helper-string-parser': [ '7.27.1' ],
204 silly audit   '@babel/helper-validator-identifier': [ '7.28.5' ],
204 silly audit   '@babel/helper-validator-option': [ '7.27.1' ],
204 silly audit   '@babel/helpers': [ '7.28.6' ],
204 silly audit   '@babel/parser': [ '7.28.6' ],
204 silly audit   '@babel/template': [ '7.28.6' ],
204 silly audit   '@babel/traverse': [ '7.28.6' ],
204 silly audit   '@babel/types': [ '7.28.6' ],
204 silly audit   '@emnapi/core': [ '1.8.1' ],
204 silly audit   '@emnapi/runtime': [ '1.8.1' ],
204 silly audit   '@emnapi/wasi-threads': [ '1.1.0' ],
204 silly audit   '@eslint-community/eslint-utils': [ '4.9.1' ],
204 silly audit   'eslint-visitor-keys': [ '3.4.3', '4.2.1' ],
204 silly audit   '@eslint-community/regexpp': [ '4.12.2' ],
204 silly audit   '@eslint/config-array': [ '0.21.1' ],
204 silly audit   '@eslint/config-helpers': [ '0.4.2' ],
204 silly audit   '@eslint/core': [ '0.17.0' ],
204 silly audit   '@eslint/eslintrc': [ '3.3.3' ],
204 silly audit   '@eslint/js': [ '9.39.2' ],
204 silly audit   '@eslint/object-schema': [ '2.1.7' ],
204 silly audit   '@eslint/plugin-kit': [ '0.4.1' ],
204 silly audit   '@humanfs/core': [ '0.19.1' ],
204 silly audit   '@humanfs/node': [ '0.16.7' ],
204 silly audit   '@humanwhocodes/module-importer': [ '1.0.1' ],
204 silly audit   '@humanwhocodes/retry': [ '0.4.3' ],
204 silly audit   '@img/colour': [ '1.0.0' ],
204 silly audit   '@img/sharp-darwin-arm64': [ '0.34.5' ],
204 silly audit   '@img/sharp-darwin-x64': [ '0.34.5' ],
204 silly audit   '@img/sharp-libvips-darwin-arm64': [ '1.2.4' ],
204 silly audit   '@img/sharp-libvips-darwin-x64': [ '1.2.4' ],
204 silly audit   '@img/sharp-libvips-linux-arm': [ '1.2.4' ],
204 silly audit   '@img/sharp-libvips-linux-arm64': [ '1.2.4' ],
204 silly audit   '@img/sharp-libvips-linux-ppc64': [ '1.2.4' ],
204 silly audit   '@img/sharp-libvips-linux-riscv64': [ '1.2.4' ],
204 silly audit   '@img/sharp-libvips-linux-s390x': [ '1.2.4' ],
204 silly audit   '@img/sharp-libvips-linux-x64': [ '1.2.4' ],
204 silly audit   '@img/sharp-libvips-linuxmusl-arm64': [ '1.2.4' ],
204 silly audit   '@img/sharp-libvips-linuxmusl-x64': [ '1.2.4' ],
204 silly audit   '@img/sharp-linux-arm': [ '0.34.5' ],
204 silly audit   '@img/sharp-linux-arm64': [ '0.34.5' ],
204 silly audit   '@img/sharp-linux-ppc64': [ '0.34.5' ],
204 silly audit   '@img/sharp-linux-riscv64': [ '0.34.5' ],
204 silly audit   '@img/sharp-linux-s390x': [ '0.34.5' ],
204 silly audit   '@img/sharp-linux-x64': [ '0.34.5' ],
204 silly audit   '@img/sharp-linuxmusl-arm64': [ '0.34.5' ],
204 silly audit   '@img/sharp-linuxmusl-x64': [ '0.34.5' ],
204 silly audit   '@img/sharp-wasm32': [ '0.34.5' ],
204 silly audit   '@img/sharp-win32-arm64': [ '0.34.5' ],
204 silly audit   '@img/sharp-win32-ia32': [ '0.34.5' ],
204 silly audit   '@img/sharp-win32-x64': [ '0.34.5' ],
204 silly audit   '@jridgewell/gen-mapping': [ '0.3.13' ],
204 silly audit   '@jridgewell/remapping': [ '2.3.5' ],
204 silly audit   '@jridgewell/resolve-uri': [ '3.1.2' ],
204 silly audit   '@jridgewell/sourcemap-codec': [ '1.5.5' ],
204 silly audit   '@jridgewell/trace-mapping': [ '0.3.31' ],
204 silly audit   '@napi-rs/wasm-runtime': [ '0.2.12' ],
204 silly audit   '@next/env': [ '16.1.4' ],
204 silly audit   '@next/eslint-plugin-next': [ '16.1.4' ],
204 silly audit   '@next/swc-darwin-arm64': [ '16.1.4' ],
204 silly audit   '@next/swc-darwin-x64': [ '16.1.4' ],
204 silly audit   '@next/swc-linux-arm64-gnu': [ '16.1.4' ],
204 silly audit   '@next/swc-linux-arm64-musl': [ '16.1.4' ],
204 silly audit   '@next/swc-linux-x64-gnu': [ '16.1.4' ],
204 silly audit   '@next/swc-linux-x64-musl': [ '16.1.4' ],
204 silly audit   '@next/swc-win32-arm64-msvc': [ '16.1.4' ],
204 silly audit   '@next/swc-win32-x64-msvc': [ '16.1.4' ],
204 silly audit   '@nodelib/fs.scandir': [ '2.1.5' ],
204 silly audit   '@nodelib/fs.stat': [ '2.0.5' ],
204 silly audit   '@nodelib/fs.walk': [ '1.2.8' ],
204 silly audit   '@nolyfill/is-core-module': [ '1.0.39' ],
204 silly audit   '@radix-ui/primitive': [ '1.1.3' ],
204 silly audit   '@radix-ui/react-collection': [ '1.1.7' ],
204 silly audit   '@radix-ui/react-compose-refs': [ '1.1.2' ],
204 silly audit   '@radix-ui/react-context': [ '1.1.2' ],
204 silly audit   '@radix-ui/react-direction': [ '1.1.1' ],
204 silly audit   '@radix-ui/react-id': [ '1.1.1' ],
204 silly audit   '@radix-ui/react-presence': [ '1.1.5' ],
204 silly audit   '@radix-ui/react-primitive': [ '2.1.3' ],
204 silly audit   '@radix-ui/react-roving-focus': [ '1.1.11' ],
204 silly audit   '@radix-ui/react-tabs': [ '1.1.13' ],
204 silly audit   '@radix-ui/react-use-callback-ref': [ '1.1.1' ],
204 silly audit   '@radix-ui/react-use-controllable-state': [ '1.2.2' ],
204 silly audit   '@radix-ui/react-use-effect-event': [ '0.0.2' ],
204 silly audit   '@radix-ui/react-use-layout-effect': [ '1.1.1' ],
204 silly audit   '@rtsao/scc': [ '1.1.0' ],
204 silly audit   '@swc/helpers': [ '0.5.15' ],
204 silly audit   '@tailwindcss/node': [ '4.1.18' ],
204 silly audit   '@tailwindcss/oxide': [ '4.1.18' ],
204 silly audit   '@tailwindcss/oxide-android-arm64': [ '4.1.18' ],
204 silly audit   '@tailwindcss/oxide-darwin-arm64': [ '4.1.18' ],
204 silly audit   '@tailwindcss/oxide-darwin-x64': [ '4.1.18' ],
204 silly audit   '@tailwindcss/oxide-freebsd-x64': [ '4.1.18' ],
204 silly audit   '@tailwindcss/oxide-linux-arm-gnueabihf': [ '4.1.18' ],
204 silly audit   '@tailwindcss/oxide-linux-arm64-gnu': [ '4.1.18' ],
204 silly audit   '@tailwindcss/oxide-linux-arm64-musl': [ '4.1.18' ],
204 silly audit   '@tailwindcss/oxide-linux-x64-gnu': [ '4.1.18' ],
204 silly audit   '@tailwindcss/oxide-linux-x64-musl': [ '4.1.18' ],
204 silly audit   '@tailwindcss/oxide-win32-arm64-msvc': [ '4.1.18' ],
204 silly audit   '@tailwindcss/oxide-win32-x64-msvc': [ '4.1.18' ],
204 silly audit   '@tailwindcss/postcss': [ '4.1.18' ],
204 silly audit   '@tybys/wasm-util': [ '0.10.1' ],
204 silly audit   '@types/estree': [ '1.0.8' ],
204 silly audit   '@types/json-schema': [ '7.0.15' ],
204 silly audit   '@types/json5': [ '0.0.29' ],
204 silly audit   '@types/node': [ '20.19.30' ],
204 silly audit   '@types/react': [ '19.2.8' ],
204 silly audit   '@types/react-dom': [ '19.2.3' ],
204 silly audit   '@typescript-eslint/eslint-plugin': [ '8.53.1' ],
204 silly audit   ignore: [ '7.0.5', '5.3.2' ],
204 silly audit   '@typescript-eslint/parser': [ '8.53.1' ],
204 silly audit   '@typescript-eslint/project-service': [ '8.53.1' ],
204 silly audit   '@typescript-eslint/scope-manager': [ '8.53.1' ],
204 silly audit   '@typescript-eslint/tsconfig-utils': [ '8.53.1' ],
204 silly audit   '@typescript-eslint/type-utils': [ '8.53.1' ],
204 silly audit   '@typescript-eslint/types': [ '8.53.1' ],
204 silly audit   '@typescript-eslint/typescript-estree': [ '8.53.1' ],
204 silly audit   'brace-expansion': [ '2.0.2', '1.1.12' ],
204 silly audit   minimatch: [ '9.0.5', '3.1.2' ],
204 silly audit   semver: [ '7.7.3', '6.3.1' ],
204 silly audit   '@typescript-eslint/utils': [ '8.53.1' ],
204 silly audit   '@typescript-eslint/visitor-keys': [ '8.53.1' ],
204 silly audit   '@unrs/resolver-binding-android-arm-eabi': [ '1.11.1' ],
204 silly audit   '@unrs/resolver-binding-android-arm64': [ '1.11.1' ],
204 silly audit   '@unrs/resolver-binding-darwin-arm64': [ '1.11.1' ],
204 silly audit   '@unrs/resolver-binding-darwin-x64': [ '1.11.1' ],
204 silly audit   '@unrs/resolver-binding-freebsd-x64': [ '1.11.1' ],
204 silly audit   '@unrs/resolver-binding-linux-arm-gnueabihf': [ '1.11.1' ],
204 silly audit   '@unrs/resolver-binding-linux-arm-musleabihf': [ '1.11.1' ],
204 silly audit   '@unrs/resolver-binding-linux-arm64-gnu': [ '1.11.1' ],
204 silly audit   '@unrs/resolver-binding-linux-arm64-musl': [ '1.11.1' ],
204 silly audit   '@unrs/resolver-binding-linux-ppc64-gnu': [ '1.11.1' ],
204 silly audit   '@unrs/resolver-binding-linux-riscv64-gnu': [ '1.11.1' ],
204 silly audit   '@unrs/resolver-binding-linux-riscv64-musl': [ '1.11.1' ],
204 silly audit   '@unrs/resolver-binding-linux-s390x-gnu': [ '1.11.1' ],
204 silly audit   '@unrs/resolver-binding-linux-x64-gnu': [ '1.11.1' ],
204 silly audit   '@unrs/resolver-binding-linux-x64-musl': [ '1.11.1' ],
204 silly audit   '@unrs/resolver-binding-wasm32-wasi': [ '1.11.1' ],
204 silly audit   '@unrs/resolver-binding-win32-arm64-msvc': [ '1.11.1' ],
204 silly audit   '@unrs/resolver-binding-win32-ia32-msvc': [ '1.11.1' ],
204 silly audit   '@unrs/resolver-binding-win32-x64-msvc': [ '1.11.1' ],
204 silly audit   acorn: [ '8.15.0' ],
204 silly audit   'acorn-jsx': [ '5.3.2' ],
204 silly audit   ajv: [ '6.12.6' ],
204 silly audit   'ansi-styles': [ '4.3.0' ],
204 silly audit   argparse: [ '2.0.1' ],
204 silly audit   'aria-query': [ '5.3.2' ],
204 silly audit   'array-buffer-byte-length': [ '1.0.2' ],
204 silly audit   'array-includes': [ '3.1.9' ],
204 silly audit   'array.prototype.findlast': [ '1.2.5' ],
204 silly audit   'array.prototype.findlastindex': [ '1.2.6' ],
204 silly audit   'array.prototype.flat': [ '1.3.3' ],
204 silly audit   'array.prototype.flatmap': [ '1.3.3' ],
204 silly audit   'array.prototype.tosorted': [ '1.1.4' ],
204 silly audit   'arraybuffer.prototype.slice': [ '1.0.4' ],
204 silly audit   'ast-types-flow': [ '0.0.8' ],
204 silly audit   'async-function': [ '1.0.0' ],
204 silly audit   'available-typed-arrays': [ '1.0.7' ],
204 silly audit   'axe-core': [ '4.11.1' ],
204 silly audit   'axobject-query': [ '4.1.0' ],
204 silly audit   'balanced-match': [ '1.0.2' ],
204 silly audit   'baseline-browser-mapping': [ '2.9.15' ],
204 silly audit   braces: [ '3.0.3' ],
204 silly audit   browserslist: [ '4.28.1' ],
204 silly audit   'call-bind': [ '1.0.8' ],
204 silly audit   'call-bind-apply-helpers': [ '1.0.2' ],
204 silly audit   'call-bound': [ '1.0.4' ],
204 silly audit   callsites: [ '3.1.0' ],
204 silly audit   'caniuse-lite': [ '1.0.30001765' ],
204 silly audit   chalk: [ '4.1.2' ],
204 silly audit   'client-only': [ '0.0.1' ],
204 silly audit   'color-convert': [ '2.0.1' ],
204 silly audit   'color-name': [ '1.1.4' ],
204 silly audit   'concat-map': [ '0.0.1' ],
204 silly audit   'convert-source-map': [ '2.0.0' ],
204 silly audit   'cross-spawn': [ '7.0.6' ],
204 silly audit   csstype: [ '3.2.3' ],
204 silly audit   'damerau-levenshtein': [ '1.0.8' ],
204 silly audit   'data-view-buffer': [ '1.0.2' ],
204 silly audit   'data-view-byte-length': [ '1.0.2' ],
204 silly audit   'data-view-byte-offset': [ '1.0.1' ],
204 silly audit   debug: [ '4.4.3', '3.2.7' ],
204 silly audit   'deep-is': [ '0.1.4' ],
204 silly audit   'define-data-property': [ '1.1.4' ],
204 silly audit   'define-properties': [ '1.2.1' ],
204 silly audit   'detect-libc': [ '2.1.2' ],
204 silly audit   doctrine: [ '2.1.0' ],
204 silly audit   'dunder-proto': [ '1.0.1' ],
204 silly audit   'electron-to-chromium': [ '1.5.267' ],
204 silly audit   'emoji-regex': [ '9.2.2' ],
204 silly audit   'enhanced-resolve': [ '5.18.4' ],
204 silly audit   'es-abstract': [ '1.24.1' ],
204 silly audit   'es-define-property': [ '1.0.1' ],
204 silly audit   'es-errors': [ '1.3.0' ],
204 silly audit   'es-iterator-helpers': [ '1.2.2' ],
204 silly audit   'es-object-atoms': [ '1.1.1' ],
204 silly audit   'es-set-tostringtag': [ '2.1.0' ],
204 silly audit   'es-shim-unscopables': [ '1.1.0' ],
204 silly audit   'es-to-primitive': [ '1.3.0' ],
204 silly audit   escalade: [ '3.2.0' ],
204 silly audit   'escape-string-regexp': [ '4.0.0' ],
204 silly audit   eslint: [ '9.39.2' ],
204 silly audit   'eslint-config-next': [ '16.1.4' ],
204 silly audit   globals: [ '16.4.0', '14.0.0' ],
204 silly audit   'eslint-import-resolver-node': [ '0.3.9' ],
204 silly audit   'eslint-import-resolver-typescript': [ '3.10.1' ],
204 silly audit   'eslint-module-utils': [ '2.12.1' ],
204 silly audit   'eslint-plugin-import': [ '2.32.0' ],
204 silly audit   'eslint-plugin-jsx-a11y': [ '6.10.2' ],
204 silly audit   'eslint-plugin-react': [ '7.37.5' ],
204 silly audit   'eslint-plugin-react-hooks': [ '7.0.1' ],
204 silly audit   resolve: [ '2.0.0-next.5', '1.22.11' ],
204 silly audit   'eslint-scope': [ '8.4.0' ],
204 silly audit   espree: [ '10.4.0' ],
204 silly audit   esquery: [ '1.7.0' ],
204 silly audit   esrecurse: [ '4.3.0' ],
204 silly audit   estraverse: [ '5.3.0' ],
204 silly audit   esutils: [ '2.0.3' ],
204 silly audit   'fast-deep-equal': [ '3.1.3' ],
204 silly audit   'fast-glob': [ '3.3.1' ],
204 silly audit   'glob-parent': [ '5.1.2', '6.0.2' ],
204 silly audit   'fast-json-stable-stringify': [ '2.1.0' ],
204 silly audit   'fast-levenshtein': [ '2.0.6' ],
204 silly audit   fastq: [ '1.20.1' ],
204 silly audit   'file-entry-cache': [ '8.0.0' ],
204 silly audit   'fill-range': [ '7.1.1' ],
204 silly audit   'find-up': [ '5.0.0' ],
204 silly audit   'flat-cache': [ '4.0.1' ],
204 silly audit   flatted: [ '3.3.3' ],
204 silly audit   'for-each': [ '0.3.5' ],
204 silly audit   'function-bind': [ '1.1.2' ],
204 silly audit   'function.prototype.name': [ '1.1.8' ],
204 silly audit   'functions-have-names': [ '1.2.3' ],
204 silly audit   'generator-function': [ '2.0.1' ],
204 silly audit   gensync: [ '1.0.0-beta.2' ],
204 silly audit   'get-intrinsic': [ '1.3.0' ],
204 silly audit   'get-proto': [ '1.0.1' ],
204 silly audit   'get-symbol-description': [ '1.1.0' ],
204 silly audit   'get-tsconfig': [ '4.13.0' ],
204 silly audit   globalthis: [ '1.0.4' ],
204 silly audit   gopd: [ '1.2.0' ],
204 silly audit   'graceful-fs': [ '4.2.11' ],
204 silly audit   'has-bigints': [ '1.1.0' ],
204 silly audit   'has-flag': [ '4.0.0' ],
204 silly audit   'has-property-descriptors': [ '1.0.2' ],
204 silly audit   'has-proto': [ '1.2.0' ],
204 silly audit   'has-symbols': [ '1.1.0' ],
204 silly audit   'has-tostringtag': [ '1.0.2' ],
204 silly audit   hasown: [ '2.0.2' ],
204 silly audit   'hermes-estree': [ '0.25.1' ],
204 silly audit   'hermes-parser': [ '0.25.1' ],
204 silly audit   'import-fresh': [ '3.3.1' ],
204 silly audit   imurmurhash: [ '0.1.4' ],
204 silly audit   'internal-slot': [ '1.1.0' ],
204 silly audit   'is-array-buffer': [ '3.0.5' ],
204 silly audit   'is-async-function': [ '2.1.1' ],
204 silly audit   'is-bigint': [ '1.1.0' ],
204 silly audit   'is-boolean-object': [ '1.2.2' ],
204 silly audit   'is-bun-module': [ '2.0.0' ],
204 silly audit   'is-callable': [ '1.2.7' ],
204 silly audit   'is-core-module': [ '2.16.1' ],
204 silly audit   'is-data-view': [ '1.0.2' ],
204 silly audit   'is-date-object': [ '1.1.0' ],
204 silly audit   'is-extglob': [ '2.1.1' ],
204 silly audit   'is-finalizationregistry': [ '1.1.1' ],
204 silly audit   'is-generator-function': [ '1.1.2' ],
204 silly audit   'is-glob': [ '4.0.3' ],
204 silly audit   'is-map': [ '2.0.3' ],
204 silly audit   'is-negative-zero': [ '2.0.3' ],
204 silly audit   'is-number': [ '7.0.0' ],
204 silly audit   'is-number-object': [ '1.1.1' ],
204 silly audit   'is-regex': [ '1.2.1' ],
204 silly audit   'is-set': [ '2.0.3' ],
204 silly audit   'is-shared-array-buffer': [ '1.0.4' ],
204 silly audit   'is-string': [ '1.1.1' ],
204 silly audit   'is-symbol': [ '1.1.1' ],
204 silly audit   'is-typed-array': [ '1.1.15' ],
204 silly audit   'is-weakmap': [ '2.0.2' ],
204 silly audit   'is-weakref': [ '1.1.1' ],
204 silly audit   'is-weakset': [ '2.0.4' ],
204 silly audit   isarray: [ '2.0.5' ],
204 silly audit   isexe: [ '2.0.0' ],
204 silly audit   'iterator.prototype': [ '1.1.5' ],
204 silly audit   jiti: [ '2.6.1' ],
204 silly audit   'js-tokens': [ '4.0.0' ],
204 silly audit   'js-yaml': [ '4.1.1' ],
204 silly audit   jsesc: [ '3.1.0' ],
204 silly audit   'json-buffer': [ '3.0.1' ],
204 silly audit   'json-schema-traverse': [ '0.4.1' ],
204 silly audit   'json-stable-stringify-without-jsonify': [ '1.0.1' ],
204 silly audit   json5: [ '2.2.3', '1.0.2' ],
204 silly audit   'jsx-ast-utils': [ '3.3.5' ],
204 silly audit   keyv: [ '4.5.4' ],
204 silly audit   'language-subtag-registry': [ '0.3.23' ],
204 silly audit   'language-tags': [ '1.0.9' ],
204 silly audit   levn: [ '0.4.1' ],
204 silly audit   lightningcss: [ '1.30.2' ],
204 silly audit   'lightningcss-android-arm64': [ '1.30.2' ],
204 silly audit   'lightningcss-darwin-arm64': [ '1.30.2' ],
204 silly audit   'lightningcss-darwin-x64': [ '1.30.2' ],
204 silly audit   'lightningcss-freebsd-x64': [ '1.30.2' ],
204 silly audit   'lightningcss-linux-arm-gnueabihf': [ '1.30.2' ],
204 silly audit   'lightningcss-linux-arm64-gnu': [ '1.30.2' ],
204 silly audit   'lightningcss-linux-arm64-musl': [ '1.30.2' ],
204 silly audit   'lightningcss-linux-x64-gnu': [ '1.30.2' ],
204 silly audit   'lightningcss-linux-x64-musl': [ '1.30.2' ],
204 silly audit   'lightningcss-win32-arm64-msvc': [ '1.30.2' ],
204 silly audit   'lightningcss-win32-x64-msvc': [ '1.30.2' ],
204 silly audit   'locate-path': [ '6.0.0' ],
204 silly audit   'lodash.merge': [ '4.6.2' ],
204 silly audit   'loose-envify': [ '1.4.0' ],
204 silly audit   'lru-cache': [ '5.1.1' ],
204 silly audit   'magic-string': [ '0.30.21' ],
204 silly audit   'math-intrinsics': [ '1.1.0' ],
204 silly audit   merge2: [ '1.4.1' ],
204 silly audit   micromatch: [ '4.0.8' ],
204 silly audit   minimist: [ '1.2.8' ],
204 silly audit   ms: [ '2.1.3' ],
204 silly audit   nanoid: [ '3.3.11' ],
204 silly audit   'napi-postinstall': [ '0.3.4' ],
204 silly audit   'natural-compare': [ '1.4.0' ],
204 silly audit   next: [ '16.1.4' ],
204 silly audit   postcss: [ '8.4.31', '8.5.6' ],
204 silly audit   'node-releases': [ '2.0.27' ],
204 silly audit   'object-assign': [ '4.1.1' ],
204 silly audit   'object-inspect': [ '1.13.4' ],
204 silly audit   'object-keys': [ '1.1.1' ],
204 silly audit   'object.assign': [ '4.1.7' ],
204 silly audit   'object.entries': [ '1.1.9' ],
204 silly audit   'object.fromentries': [ '2.0.8' ],
204 silly audit   'object.groupby': [ '1.0.3' ],
204 silly audit   'object.values': [ '1.2.1' ],
204 silly audit   optionator: [ '0.9.4' ],
204 silly audit   'own-keys': [ '1.0.1' ],
204 silly audit   'p-limit': [ '3.1.0' ],
204 silly audit   'p-locate': [ '5.0.0' ],
204 silly audit   'parent-module': [ '1.0.1' ],
204 silly audit   'path-exists': [ '4.0.0' ],
204 silly audit   'path-key': [ '3.1.1' ],
204 silly audit   'path-parse': [ '1.0.7' ],
204 silly audit   picocolors: [ '1.1.1' ],
204 silly audit   picomatch: [ '2.3.1', '4.0.3' ],
204 silly audit   'possible-typed-array-names': [ '1.1.0' ],
204 silly audit   'prelude-ls': [ '1.2.1' ],
204 silly audit   'prop-types': [ '15.8.1' ],
204 silly audit   punycode: [ '2.3.1' ],
204 silly audit   'queue-microtask': [ '1.2.3' ],
204 silly audit   react: [ '19.2.3' ],
204 silly audit   'react-dom': [ '19.2.3' ],
204 silly audit   'react-is': [ '16.13.1' ],
204 silly audit   'reflect.getprototypeof': [ '1.0.10' ],
204 silly audit   'regexp.prototype.flags': [ '1.5.4' ],
204 silly audit   'resolve-from': [ '4.0.0' ],
204 silly audit   'resolve-pkg-maps': [ '1.0.0' ],
204 silly audit   reusify: [ '1.1.0' ],
204 silly audit   'run-parallel': [ '1.2.0' ],
204 silly audit   'safe-array-concat': [ '1.1.3' ],
204 silly audit   'safe-push-apply': [ '1.0.0' ],
204 silly audit   'safe-regex-test': [ '1.1.0' ],
204 silly audit   scheduler: [ '0.27.0' ],
204 silly audit   'set-function-length': [ '1.2.2' ],
204 silly audit   'set-function-name': [ '2.0.2' ],
204 silly audit   'set-proto': [ '1.0.0' ],
204 silly audit   sharp: [ '0.34.5' ],
204 silly audit   'shebang-command': [ '2.0.0' ],
204 silly audit   'shebang-regex': [ '3.0.0' ],
204 silly audit   'side-channel': [ '1.1.0' ],
204 silly audit   'side-channel-list': [ '1.0.0' ],
204 silly audit   'side-channel-map': [ '1.0.1' ],
204 silly audit   'side-channel-weakmap': [ '1.0.2' ],
204 silly audit   'source-map-js': [ '1.2.1' ],
204 silly audit   'stable-hash': [ '0.0.5' ],
204 silly audit   'stop-iteration-iterator': [ '1.1.0' ],
204 silly audit   'string.prototype.includes': [ '2.0.1' ],
204 silly audit   'string.prototype.matchall': [ '4.0.12' ],
204 silly audit   'string.prototype.repeat': [ '1.0.0' ],
204 silly audit   'string.prototype.trim': [ '1.2.10' ],
204 silly audit   'string.prototype.trimend': [ '1.0.9' ],
204 silly audit   'string.prototype.trimstart': [ '1.0.8' ],
204 silly audit   'strip-bom': [ '3.0.0' ],
204 silly audit   'strip-json-comments': [ '3.1.1' ],
204 silly audit   'styled-jsx': [ '5.1.6' ],
204 silly audit   'supports-color': [ '7.2.0' ],
204 silly audit   'supports-preserve-symlinks-flag': [ '1.0.0' ],
204 silly audit   tailwindcss: [ '4.1.18' ],
204 silly audit   tapable: [ '2.3.0' ],
204 silly audit   tinyglobby: [ '0.2.15' ],
204 silly audit   fdir: [ '6.5.0' ],
204 silly audit   'to-regex-range': [ '5.0.1' ],
204 silly audit   'ts-api-utils': [ '2.4.0' ],
204 silly audit   'tsconfig-paths': [ '3.15.0' ],
204 silly audit   tslib: [ '2.8.1' ],
204 silly audit   'type-check': [ '0.4.0' ],
204 silly audit   'typed-array-buffer': [ '1.0.3' ],
204 silly audit   'typed-array-byte-length': [ '1.0.3' ],
204 silly audit   'typed-array-byte-offset': [ '1.0.4' ],
204 silly audit   'typed-array-length': [ '1.0.7' ],
204 silly audit   typescript: [ '5.9.3' ],
204 silly audit   'typescript-eslint': [ '8.53.1' ],
204 silly audit   'unbox-primitive': [ '1.1.0' ],
204 silly audit   'undici-types': [ '6.21.0' ],
204 silly audit   'unrs-resolver': [ '1.11.1' ],
204 silly audit   'update-browserslist-db': [ '1.2.3' ],
204 silly audit   'uri-js': [ '4.4.1' ],
204 silly audit   which: [ '2.0.2' ],
204 silly audit   'which-boxed-primitive': [ '1.1.1' ],
204 silly audit   'which-builtin-type': [ '1.2.1' ],
204 silly audit   'which-collection': [ '1.0.2' ],
204 silly audit   'which-typed-array': [ '1.1.20' ],
204 silly audit   'word-wrap': [ '1.2.5' ],
204 silly audit   yallist: [ '3.1.1' ],
204 silly audit   'yocto-queue': [ '0.1.0' ],
204 silly audit   zod: [ '4.3.5' ],
204 silly audit   'zod-validation-error': [ '4.0.2' ],
204 silly audit   '@radix-ui/react-slot': [ '1.2.4', '1.2.3' ],
204 silly audit   '@radix-ui/react-toggle': [ '1.1.10' ],
204 silly audit   '@radix-ui/react-toggle-group': [ '1.1.11' ],
204 silly audit   '@radix-ui/react-tooltip': [ '1.2.8' ],
204 silly audit   'class-variance-authority': [ '0.7.1' ],
204 silly audit   clsx: [ '2.1.1' ],
204 silly audit   'lucide-react': [ '0.563.0' ],
204 silly audit   motion: [ '12.29.2' ],
204 silly audit   'next-themes': [ '0.4.6' ],
204 silly audit   sonner: [ '2.0.7' ],
204 silly audit   'tailwind-merge': [ '3.4.0' ],
204 silly audit   '@radix-ui/react-dismissable-layer': [ '1.1.11' ],
204 silly audit   '@radix-ui/react-popper': [ '1.2.8' ],
204 silly audit   '@radix-ui/react-portal': [ '1.1.9' ],
204 silly audit   '@radix-ui/react-visually-hidden': [ '1.2.3' ],
204 silly audit   '@radix-ui/react-use-escape-keydown': [ '1.1.1' ],
204 silly audit   '@floating-ui/react-dom': [ '2.1.7' ],
204 silly audit   '@radix-ui/react-arrow': [ '1.1.7' ],
204 silly audit   '@radix-ui/react-use-rect': [ '1.1.1' ],
204 silly audit   '@radix-ui/react-use-size': [ '1.1.1' ],
204 silly audit   '@radix-ui/rect': [ '1.1.1' ],
204 silly audit   '@floating-ui/dom': [ '1.7.5' ],
204 silly audit   '@floating-ui/core': [ '1.7.4' ],
204 silly audit   '@floating-ui/utils': [ '0.2.10' ],
204 silly audit   'framer-motion': [ '12.29.2' ],
204 silly audit   'motion-dom': [ '12.29.2' ],
204 silly audit   'motion-utils': [ '12.29.2' ],
204 silly audit   '@tailwindcss/oxide-wasm32-wasi': [ '4.1.18' ]
204 silly audit }
205 verbose reify failed optional dependency /Users/ksenialukanina/Documents/Rest/restaurant-app/node_modules/lightningcss-win32-x64-msvc
206 silly reify mark deleted [
206 silly reify   '/Users/ksenialukanina/Documents/Rest/restaurant-app/node_modules/lightningcss-win32-x64-msvc'
206 silly reify ]
207 verbose reify failed optional dependency /Users/ksenialukanina/Documents/Rest/restaurant-app/node_modules/lightningcss-win32-arm64-msvc
208 silly reify mark deleted [
208 silly reify   '/Users/ksenialukanina/Documents/Rest/restaurant-app/node_modules/lightningcss-win32-arm64-msvc'
208 silly reify ]
209 verbose reify failed optional dependency /Users/ksenialukanina/Documents/Rest/restaurant-app/node_modules/lightningcss-linux-x64-musl
210 silly reify mark deleted [
210 silly reify   '/Users/ksenialukanina/Documents/Rest/restaurant-app/node_modules/lightningcss-linux-x64-musl'
210 silly reify ]
211 verbose reify failed optional dependency /Users/ksenialukanina/Documents/Rest/restaurant-app/node_modules/lightningcss-linux-x64-gnu
212 silly reify mark deleted [
212 silly reify   '/Users/ksenialukanina/Documents/Rest/restaurant-app/node_modules/lightningcss-linux-x64-gnu'
212 silly reify ]
213 verbose reify failed optional dependency /Users/ksenialukanina/Documents/Rest/restaurant-app/node_modules/lightningcss-linux-arm64-musl
214 silly reify mark deleted [
214 silly reify   '/Users/ksenialukanina/Documents/Rest/restaurant-app/node_modules/lightningcss-linux-arm64-musl'
214 silly reify ]
215 verbose reify failed optional dependency /Users/ksenialukanina/Documents/Rest/restaurant-app/node_modules/lightningcss-linux-arm64-gnu
216 silly reify mark deleted [
216 silly reify   '/Users/ksenialukanina/Documents/Rest/restaurant-app/node_modules/lightningcss-linux-arm64-gnu'
216 silly reify ]
217 verbose reify failed optional dependency /Users/ksenialukanina/Documents/Rest/restaurant-app/node_modules/lightningcss-linux-arm-gnueabihf
218 silly reify mark deleted [
218 silly reify   '/Users/ksenialukanina/Documents/Rest/restaurant-app/node_modules/lightningcss-linux-arm-gnueabihf'
218 silly reify ]
219 verbose reify failed optional dependency /Users/ksenialukanina/Documents/Rest/restaurant-app/node_modules/lightningcss-freebsd-x64
220 silly reify mark deleted [
220 silly reify   '/Users/ksenialukanina/Documents/Rest/restaurant-app/node_modules/lightningcss-freebsd-x64'
220 silly reify ]
221 verbose reify failed optional dependency /Users/ksenialukanina/Documents/Rest/restaurant-app/node_modules/lightningcss-darwin-x64
222 silly reify mark deleted [
222 silly reify   '/Users/ksenialukanina/Documents/Rest/restaurant-app/node_modules/lightningcss-darwin-x64'
222 silly reify ]
223 verbose reify failed optional dependency /Users/ksenialukanina/Documents/Rest/restaurant-app/node_modules/lightningcss-android-arm64
224 silly reify mark deleted [
224 silly reify   '/Users/ksenialukanina/Documents/Rest/restaurant-app/node_modules/lightningcss-android-arm64'
224 silly reify ]
225 verbose reify failed optional dependency /Users/ksenialukanina/Documents/Rest/restaurant-app/node_modules/@unrs/resolver-binding-win32-x64-msvc
226 silly reify mark deleted [
226 silly reify   '/Users/ksenialukanina/Documents/Rest/restaurant-app/node_modules/@unrs/resolver-binding-win32-x64-msvc'
226 silly reify ]
227 verbose reify failed optional dependency /Users/ksenialukanina/Documents/Rest/restaurant-app/node_modules/@unrs/resolver-binding-win32-ia32-msvc
228 silly reify mark deleted [
228 silly reify   '/Users/ksenialukanina/Documents/Rest/restaurant-app/node_modules/@unrs/resolver-binding-win32-ia32-msvc'
228 silly reify ]
229 verbose reify failed optional dependency /Users/ksenialukanina/Documents/Rest/restaurant-app/node_modules/@unrs/resolver-binding-win32-arm64-msvc
230 silly reify mark deleted [
230 silly reify   '/Users/ksenialukanina/Documents/Rest/restaurant-app/node_modules/@unrs/resolver-binding-win32-arm64-msvc'
230 silly reify ]
231 verbose reify failed optional dependency /Users/ksenialukanina/Documents/Rest/restaurant-app/node_modules/@unrs/resolver-binding-wasm32-wasi
232 silly reify mark deleted [
232 silly reify   '/Users/ksenialukanina/Documents/Rest/restaurant-app/node_modules/@unrs/resolver-binding-wasm32-wasi'
232 silly reify ]
233 verbose reify failed optional dependency /Users/ksenialukanina/Documents/Rest/restaurant-app/node_modules/@unrs/resolver-binding-linux-x64-musl
234 silly reify mark deleted [
234 silly reify   '/Users/ksenialukanina/Documents/Rest/restaurant-app/node_modules/@unrs/resolver-binding-linux-x64-musl'
234 silly reify ]
235 verbose reify failed optional dependency /Users/ksenialukanina/Documents/Rest/restaurant-app/node_modules/@unrs/resolver-binding-linux-x64-gnu
236 silly reify mark deleted [
236 silly reify   '/Users/ksenialukanina/Documents/Rest/restaurant-app/node_modules/@unrs/resolver-binding-linux-x64-gnu'
236 silly reify ]
237 verbose reify failed optional dependency /Users/ksenialukanina/Documents/Rest/restaurant-app/node_modules/@unrs/resolver-binding-linux-s390x-gnu
238 silly reify mark deleted [
238 silly reify   '/Users/ksenialukanina/Documents/Rest/restaurant-app/node_modules/@unrs/resolver-binding-linux-s390x-gnu'
238 silly reify ]
239 verbose reify failed optional dependency /Users/ksenialukanina/Documents/Rest/restaurant-app/node_modules/@unrs/resolver-binding-linux-riscv64-musl
240 silly reify mark deleted [
240 silly reify   '/Users/ksenialukanina/Documents/Rest/restaurant-app/node_modules/@unrs/resolver-binding-linux-riscv64-musl'
240 silly reify ]
241 verbose reify failed optional dependency /Users/ksenialukanina/Documents/Rest/restaurant-app/node_modules/@unrs/resolver-binding-linux-riscv64-gnu
242 silly reify mark deleted [
242 silly reify   '/Users/ksenialukanina/Documents/Rest/restaurant-app/node_modules/@unrs/resolver-binding-linux-riscv64-gnu'
242 silly reify ]
243 verbose reify failed optional dependency /Users/ksenialukanina/Documents/Rest/restaurant-app/node_modules/@unrs/resolver-binding-linux-ppc64-gnu
244 silly reify mark deleted [
244 silly reify   '/Users/ksenialukanina/Documents/Rest/restaurant-app/node_modules/@unrs/resolver-binding-linux-ppc64-gnu'
244 silly reify ]
245 verbose reify failed optional dependency /Users/ksenialukanina/Documents/Rest/restaurant-app/node_modules/@unrs/resolver-binding-linux-arm64-musl
246 silly reify mark deleted [
246 silly reify   '/Users/ksenialukanina/Documents/Rest/restaurant-app/node_modules/@unrs/resolver-binding-linux-arm64-musl'
246 silly reify ]
247 verbose reify failed optional dependency /Users/ksenialukanina/Documents/Rest/restaurant-app/node_modules/@unrs/resolver-binding-linux-arm64-gnu
248 silly reify mark deleted [
248 silly reify   '/Users/ksenialukanina/Documents/Rest/restaurant-app/node_modules/@unrs/resolver-binding-linux-arm64-gnu'
248 silly reify ]
249 verbose reify failed optional dependency /Users/ksenialukanina/Documents/Rest/restaurant-app/node_modules/@unrs/resolver-binding-linux-arm-musleabihf
250 silly reify mark deleted [
250 silly reify   '/Users/ksenialukanina/Documents/Rest/restaurant-app/node_modules/@unrs/resolver-binding-linux-arm-musleabihf'
250 silly reify ]
251 verbose reify failed optional dependency /Users/ksenialukanina/Documents/Rest/restaurant-app/node_modules/@unrs/resolver-binding-linux-arm-gnueabihf
252 silly reify mark deleted [
252 silly reify   '/Users/ksenialukanina/Documents/Rest/restaurant-app/node_modules/@unrs/resolver-binding-linux-arm-gnueabihf'
252 silly reify ]
253 verbose reify failed optional dependency /Users/ksenialukanina/Documents/Rest/restaurant-app/node_modules/@unrs/resolver-binding-freebsd-x64
254 silly reify mark deleted [
254 silly reify   '/Users/ksenialukanina/Documents/Rest/restaurant-app/node_modules/@unrs/resolver-binding-freebsd-x64'
254 silly reify ]
255 verbose reify failed optional dependency /Users/ksenialukanina/Documents/Rest/restaurant-app/node_modules/@unrs/resolver-binding-darwin-x64
256 silly reify mark deleted [
256 silly reify   '/Users/ksenialukanina/Documents/Rest/restaurant-app/node_modules/@unrs/resolver-binding-darwin-x64'
256 silly reify ]
257 verbose reify failed optional dependency /Users/ksenialukanina/Documents/Rest/restaurant-app/node_modules/@unrs/resolver-binding-android-arm64
258 silly reify mark deleted [
258 silly reify   '/Users/ksenialukanina/Documents/Rest/restaurant-app/node_modules/@unrs/resolver-binding-android-arm64'
258 silly reify ]
259 verbose reify failed optional dependency /Users/ksenialukanina/Documents/Rest/restaurant-app/node_modules/@unrs/resolver-binding-android-arm-eabi
260 silly reify mark deleted [
260 silly reify   '/Users/ksenialukanina/Documents/Rest/restaurant-app/node_modules/@unrs/resolver-binding-android-arm-eabi'
260 silly reify ]
261 verbose reify failed optional dependency /Users/ksenialukanina/Documents/Rest/restaurant-app/node_modules/@tailwindcss/oxide-win32-x64-msvc
262 silly reify mark deleted [
262 silly reify   '/Users/ksenialukanina/Documents/Rest/restaurant-app/node_modules/@tailwindcss/oxide-win32-x64-msvc'
262 silly reify ]
263 verbose reify failed optional dependency /Users/ksenialukanina/Documents/Rest/restaurant-app/node_modules/@tailwindcss/oxide-win32-arm64-msvc
264 silly reify mark deleted [
264 silly reify   '/Users/ksenialukanina/Documents/Rest/restaurant-app/node_modules/@tailwindcss/oxide-win32-arm64-msvc'
264 silly reify ]
265 verbose reify failed optional dependency /Users/ksenialukanina/Documents/Rest/restaurant-app/node_modules/@tailwindcss/oxide-linux-x64-musl
266 silly reify mark deleted [
266 silly reify   '/Users/ksenialukanina/Documents/Rest/restaurant-app/node_modules/@tailwindcss/oxide-linux-x64-musl'
266 silly reify ]
267 verbose reify failed optional dependency /Users/ksenialukanina/Documents/Rest/restaurant-app/node_modules/@tailwindcss/oxide-linux-x64-gnu
268 silly reify mark deleted [
268 silly reify   '/Users/ksenialukanina/Documents/Rest/restaurant-app/node_modules/@tailwindcss/oxide-linux-x64-gnu'
268 silly reify ]
269 verbose reify failed optional dependency /Users/ksenialukanina/Documents/Rest/restaurant-app/node_modules/@tailwindcss/oxide-linux-arm64-musl
270 silly reify mark deleted [
270 silly reify   '/Users/ksenialukanina/Documents/Rest/restaurant-app/node_modules/@tailwindcss/oxide-linux-arm64-musl'
270 silly reify ]
271 verbose reify failed optional dependency /Users/ksenialukanina/Documents/Rest/restaurant-app/node_modules/@tailwindcss/oxide-linux-arm64-gnu
272 silly reify mark deleted [
272 silly reify   '/Users/ksenialukanina/Documents/Rest/restaurant-app/node_modules/@tailwindcss/oxide-linux-arm64-gnu'
272 silly reify ]
273 verbose reify failed optional dependency /Users/ksenialukanina/Documents/Rest/restaurant-app/node_modules/@tailwindcss/oxide-linux-arm-gnueabihf
274 silly reify mark deleted [
274 silly reify   '/Users/ksenialukanina/Documents/Rest/restaurant-app/node_modules/@tailwindcss/oxide-linux-arm-gnueabihf'
274 silly reify ]
275 verbose reify failed optional dependency /Users/ksenialukanina/Documents/Rest/restaurant-app/node_modules/@tailwindcss/oxide-freebsd-x64
276 silly reify mark deleted [
276 silly reify   '/Users/ksenialukanina/Documents/Rest/restaurant-app/node_modules/@tailwindcss/oxide-freebsd-x64'
276 silly reify ]
277 verbose reify failed optional dependency /Users/ksenialukanina/Documents/Rest/restaurant-app/node_modules/@tailwindcss/oxide-darwin-x64
278 silly reify mark deleted [
278 silly reify   '/Users/ksenialukanina/Documents/Rest/restaurant-app/node_modules/@tailwindcss/oxide-darwin-x64'
278 silly reify ]
279 verbose reify failed optional dependency /Users/ksenialukanina/Documents/Rest/restaurant-app/node_modules/@tailwindcss/oxide-android-arm64
280 silly reify mark deleted [
280 silly reify   '/Users/ksenialukanina/Documents/Rest/restaurant-app/node_modules/@tailwindcss/oxide-android-arm64'
280 silly reify ]
281 verbose reify failed optional dependency /Users/ksenialukanina/Documents/Rest/restaurant-app/node_modules/@next/swc-win32-x64-msvc
282 silly reify mark deleted [
282 silly reify   '/Users/ksenialukanina/Documents/Rest/restaurant-app/node_modules/@next/swc-win32-x64-msvc'
282 silly reify ]
283 verbose reify failed optional dependency /Users/ksenialukanina/Documents/Rest/restaurant-app/node_modules/@next/swc-win32-arm64-msvc
284 silly reify mark deleted [
284 silly reify   '/Users/ksenialukanina/Documents/Rest/restaurant-app/node_modules/@next/swc-win32-arm64-msvc'
284 silly reify ]
285 verbose reify failed optional dependency /Users/ksenialukanina/Documents/Rest/restaurant-app/node_modules/@next/swc-linux-x64-musl
286 silly reify mark deleted [
286 silly reify   '/Users/ksenialukanina/Documents/Rest/restaurant-app/node_modules/@next/swc-linux-x64-musl'
286 silly reify ]
287 verbose reify failed optional dependency /Users/ksenialukanina/Documents/Rest/restaurant-app/node_modules/@next/swc-linux-x64-gnu
288 silly reify mark deleted [
288 silly reify   '/Users/ksenialukanina/Documents/Rest/restaurant-app/node_modules/@next/swc-linux-x64-gnu'
288 silly reify ]
289 verbose reify failed optional dependency /Users/ksenialukanina/Documents/Rest/restaurant-app/node_modules/@next/swc-linux-arm64-musl
290 silly reify mark deleted [
290 silly reify   '/Users/ksenialukanina/Documents/Rest/restaurant-app/node_modules/@next/swc-linux-arm64-musl'
290 silly reify ]
291 verbose reify failed optional dependency /Users/ksenialukanina/Documents/Rest/restaurant-app/node_modules/@next/swc-linux-arm64-gnu
292 silly reify mark deleted [
292 silly reify   '/Users/ksenialukanina/Documents/Rest/restaurant-app/node_modules/@next/swc-linux-arm64-gnu'
292 silly reify ]
293 verbose reify failed optional dependency /Users/ksenialukanina/Documents/Rest/restaurant-app/node_modules/@next/swc-darwin-x64
294 silly reify mark deleted [
294 silly reify   '/Users/ksenialukanina/Documents/Rest/restaurant-app/node_modules/@next/swc-darwin-x64'
294 silly reify ]
295 verbose reify failed optional dependency /Users/ksenialukanina/Documents/Rest/restaurant-app/node_modules/@img/sharp-win32-x64
296 silly reify mark deleted [
296 silly reify   '/Users/ksenialukanina/Documents/Rest/restaurant-app/node_modules/@img/sharp-win32-x64'
296 silly reify ]
297 verbose reify failed optional dependency /Users/ksenialukanina/Documents/Rest/restaurant-app/node_modules/@img/sharp-win32-ia32
298 silly reify mark deleted [
298 silly reify   '/Users/ksenialukanina/Documents/Rest/restaurant-app/node_modules/@img/sharp-win32-ia32'
298 silly reify ]
299 verbose reify failed optional dependency /Users/ksenialukanina/Documents/Rest/restaurant-app/node_modules/@img/sharp-win32-arm64
300 silly reify mark deleted [
300 silly reify   '/Users/ksenialukanina/Documents/Rest/restaurant-app/node_modules/@img/sharp-win32-arm64'
300 silly reify ]
301 verbose reify failed optional dependency /Users/ksenialukanina/Documents/Rest/restaurant-app/node_modules/@img/sharp-wasm32
302 silly reify mark deleted [
302 silly reify   '/Users/ksenialukanina/Documents/Rest/restaurant-app/node_modules/@img/sharp-wasm32'
302 silly reify ]
303 verbose reify failed optional dependency /Users/ksenialukanina/Documents/Rest/restaurant-app/node_modules/@img/sharp-linuxmusl-x64
304 silly reify mark deleted [
304 silly reify   '/Users/ksenialukanina/Documents/Rest/restaurant-app/node_modules/@img/sharp-linuxmusl-x64'
304 silly reify ]
305 verbose reify failed optional dependency /Users/ksenialukanina/Documents/Rest/restaurant-app/node_modules/@img/sharp-linuxmusl-arm64
306 silly reify mark deleted [
306 silly reify   '/Users/ksenialukanina/Documents/Rest/restaurant-app/node_modules/@img/sharp-linuxmusl-arm64'
306 silly reify ]
307 verbose reify failed optional dependency /Users/ksenialukanina/Documents/Rest/restaurant-app/node_modules/@img/sharp-linux-x64
308 silly reify mark deleted [
308 silly reify   '/Users/ksenialukanina/Documents/Rest/restaurant-app/node_modules/@img/sharp-linux-x64'
308 silly reify ]
309 verbose reify failed optional dependency /Users/ksenialukanina/Documents/Rest/restaurant-app/node_modules/@img/sharp-linux-s390x
310 silly reify mark deleted [
310 silly reify   '/Users/ksenialukanina/Documents/Rest/restaurant-app/node_modules/@img/sharp-linux-s390x'
310 silly reify ]
311 verbose reify failed optional dependency /Users/ksenialukanina/Documents/Rest/restaurant-app/node_modules/@img/sharp-linux-riscv64
312 silly reify mark deleted [
312 silly reify   '/Users/ksenialukanina/Documents/Rest/restaurant-app/node_modules/@img/sharp-linux-riscv64'
312 silly reify ]
313 verbose reify failed optional dependency /Users/ksenialukanina/Documents/Rest/restaurant-app/node_modules/@img/sharp-linux-ppc64
314 silly reify mark deleted [
314 silly reify   '/Users/ksenialukanina/Documents/Rest/restaurant-app/node_modules/@img/sharp-linux-ppc64'
314 silly reify ]
315 verbose reify failed optional dependency /Users/ksenialukanina/Documents/Rest/restaurant-app/node_modules/@img/sharp-linux-arm64
316 silly reify mark deleted [
316 silly reify   '/Users/ksenialukanina/Documents/Rest/restaurant-app/node_modules/@img/sharp-linux-arm64'
316 silly reify ]
317 verbose reify failed optional dependency /Users/ksenialukanina/Documents/Rest/restaurant-app/node_modules/@img/sharp-linux-arm
318 silly reify mark deleted [
318 silly reify   '/Users/ksenialukanina/Documents/Rest/restaurant-app/node_modules/@img/sharp-linux-arm'
318 silly reify ]
319 verbose reify failed optional dependency /Users/ksenialukanina/Documents/Rest/restaurant-app/node_modules/@img/sharp-libvips-linuxmusl-x64
320 silly reify mark deleted [
320 silly reify   '/Users/ksenialukanina/Documents/Rest/restaurant-app/node_modules/@img/sharp-libvips-linuxmusl-x64'
320 silly reify ]
321 verbose reify failed optional dependency /Users/ksenialukanina/Documents/Rest/restaurant-app/node_modules/@img/sharp-libvips-linuxmusl-arm64
322 silly reify mark deleted [
322 silly reify   '/Users/ksenialukanina/Documents/Rest/restaurant-app/node_modules/@img/sharp-libvips-linuxmusl-arm64'
322 silly reify ]
323 verbose reify failed optional dependency /Users/ksenialukanina/Documents/Rest/restaurant-app/node_modules/@img/sharp-libvips-linux-x64
324 silly reify mark deleted [
324 silly reify   '/Users/ksenialukanina/Documents/Rest/restaurant-app/node_modules/@img/sharp-libvips-linux-x64'
324 silly reify ]
325 verbose reify failed optional dependency /Users/ksenialukanina/Documents/Rest/restaurant-app/node_modules/@img/sharp-libvips-linux-s390x
326 silly reify mark deleted [
326 silly reify   '/Users/ksenialukanina/Documents/Rest/restaurant-app/node_modules/@img/sharp-libvips-linux-s390x'
326 silly reify ]
327 verbose reify failed optional dependency /Users/ksenialukanina/Documents/Rest/restaurant-app/node_modules/@img/sharp-libvips-linux-riscv64
328 silly reify mark deleted [
328 silly reify   '/Users/ksenialukanina/Documents/Rest/restaurant-app/node_modules/@img/sharp-libvips-linux-riscv64'
328 silly reify ]
329 verbose reify failed optional dependency /Users/ksenialukanina/Documents/Rest/restaurant-app/node_modules/@img/sharp-libvips-linux-ppc64
330 silly reify mark deleted [
330 silly reify   '/Users/ksenialukanina/Documents/Rest/restaurant-app/node_modules/@img/sharp-libvips-linux-ppc64'
330 silly reify ]
331 verbose reify failed optional dependency /Users/ksenialukanina/Documents/Rest/restaurant-app/node_modules/@img/sharp-libvips-linux-arm64
332 silly reify mark deleted [
332 silly reify   '/Users/ksenialukanina/Documents/Rest/restaurant-app/node_modules/@img/sharp-libvips-linux-arm64'
332 silly reify ]
333 verbose reify failed optional dependency /Users/ksenialukanina/Documents/Rest/restaurant-app/node_modules/@img/sharp-libvips-linux-arm
334 silly reify mark deleted [
334 silly reify   '/Users/ksenialukanina/Documents/Rest/restaurant-app/node_modules/@img/sharp-libvips-linux-arm'
334 silly reify ]
335 verbose reify failed optional dependency /Users/ksenialukanina/Documents/Rest/restaurant-app/node_modules/@img/sharp-libvips-darwin-x64
336 silly reify mark deleted [
336 silly reify   '/Users/ksenialukanina/Documents/Rest/restaurant-app/node_modules/@img/sharp-libvips-darwin-x64'
336 silly reify ]
337 verbose reify failed optional dependency /Users/ksenialukanina/Documents/Rest/restaurant-app/node_modules/@img/sharp-darwin-x64
338 silly reify mark deleted [
338 silly reify   '/Users/ksenialukanina/Documents/Rest/restaurant-app/node_modules/@img/sharp-darwin-x64'
338 silly reify ]
339 http cache motion-utils@https://registry.npmjs.org/motion-utils/-/motion-utils-12.29.2.tgz 0ms (cache hit)
340 http cache motion-dom@https://registry.npmjs.org/motion-dom/-/motion-dom-12.29.2.tgz 0ms (cache hit)
341 http cache framer-motion@https://registry.npmjs.org/framer-motion/-/framer-motion-12.29.2.tgz 0ms (cache hit)
342 http cache @floating-ui/utils@https://registry.npmjs.org/@floating-ui/utils/-/utils-0.2.10.tgz 0ms (cache hit)
343 http cache @floating-ui/core@https://registry.npmjs.org/@floating-ui/core/-/core-1.7.4.tgz 0ms (cache hit)
344 http cache @floating-ui/dom@https://registry.npmjs.org/@floating-ui/dom/-/dom-1.7.5.tgz 0ms (cache hit)
345 http cache @radix-ui/rect@https://registry.npmjs.org/@radix-ui/rect/-/rect-1.1.1.tgz 0ms (cache hit)
346 http cache @radix-ui/react-use-rect@https://registry.npmjs.org/@radix-ui/react-use-rect/-/react-use-rect-1.1.1.tgz 0ms (cache hit)
347 http cache @floating-ui/react-dom@https://registry.npmjs.org/@floating-ui/react-dom/-/react-dom-2.1.7.tgz 0ms (cache hit)
348 http cache @radix-ui/react-use-escape-keydown@https://registry.npmjs.org/@radix-ui/react-use-escape-keydown/-/react-use-escape-keydown-1.1.1.tgz 0ms (cache hit)
349 http cache @radix-ui/react-use-size@https://registry.npmjs.org/@radix-ui/react-use-size/-/react-use-size-1.1.1.tgz 0ms (cache hit)
350 http cache @radix-ui/react-portal@https://registry.npmjs.org/@radix-ui/react-portal/-/react-portal-1.1.9.tgz 0ms (cache hit)
351 http cache @radix-ui/react-popper@https://registry.npmjs.org/@radix-ui/react-popper/-/react-popper-1.2.8.tgz 0ms (cache hit)
352 http cache @radix-ui/react-arrow@https://registry.npmjs.org/@radix-ui/react-arrow/-/react-arrow-1.1.7.tgz 0ms (cache hit)
353 http cache @radix-ui/react-visually-hidden@https://registry.npmjs.org/@radix-ui/react-visually-hidden/-/react-visually-hidden-1.2.3.tgz 0ms (cache hit)
354 http cache sonner@https://registry.npmjs.org/sonner/-/sonner-2.0.7.tgz 0ms (cache hit)
355 http cache @radix-ui/react-dismissable-layer@https://registry.npmjs.org/@radix-ui/react-dismissable-layer/-/react-dismissable-layer-1.1.11.tgz 0ms (cache hit)
356 http cache next-themes@https://registry.npmjs.org/next-themes/-/next-themes-0.4.6.tgz 0ms (cache hit)
357 http cache motion@https://registry.npmjs.org/motion/-/motion-12.29.2.tgz 0ms (cache hit)
358 http cache tailwind-merge@https://registry.npmjs.org/tailwind-merge/-/tailwind-merge-3.4.0.tgz 0ms (cache hit)
359 http cache lucide-react@https://registry.npmjs.org/lucide-react/-/lucide-react-0.563.0.tgz 0ms (cache hit)
360 http cache class-variance-authority@https://registry.npmjs.org/class-variance-authority/-/class-variance-authority-0.7.1.tgz 0ms (cache hit)
361 http cache @radix-ui/react-tooltip@https://registry.npmjs.org/@radix-ui/react-tooltip/-/react-tooltip-1.2.8.tgz 0ms (cache hit)
362 http cache @radix-ui/react-toggle-group@https://registry.npmjs.org/@radix-ui/react-toggle-group/-/react-toggle-group-1.1.11.tgz 0ms (cache hit)
363 http cache clsx@https://registry.npmjs.org/clsx/-/clsx-2.1.1.tgz 0ms (cache hit)
364 http cache @radix-ui/react-slot@https://registry.npmjs.org/@radix-ui/react-slot/-/react-slot-1.2.4.tgz 0ms (cache hit)
365 http cache @radix-ui/react-slot@https://registry.npmjs.org/@radix-ui/react-slot/-/react-slot-1.2.3.tgz 0ms (cache hit)
366 http cache @radix-ui/react-slot@https://registry.npmjs.org/@radix-ui/react-slot/-/react-slot-1.2.3.tgz 0ms (cache hit)
367 http cache @radix-ui/react-slot@https://registry.npmjs.org/@radix-ui/react-slot/-/react-slot-1.2.3.tgz 0ms (cache hit)
368 http cache @radix-ui/react-toggle@https://registry.npmjs.org/@radix-ui/react-toggle/-/react-toggle-1.1.10.tgz 0ms (cache hit)
369 silly tarball no local data for motion-utils@https://registry.npmjs.org/motion-utils/-/motion-utils-12.29.2.tgz. Extracting by manifest.
370 silly tarball no local data for motion-dom@https://registry.npmjs.org/motion-dom/-/motion-dom-12.29.2.tgz. Extracting by manifest.
371 silly tarball no local data for framer-motion@https://registry.npmjs.org/framer-motion/-/framer-motion-12.29.2.tgz. Extracting by manifest.
372 silly tarball no local data for @floating-ui/utils@https://registry.npmjs.org/@floating-ui/utils/-/utils-0.2.10.tgz. Extracting by manifest.
373 silly tarball no local data for @floating-ui/core@https://registry.npmjs.org/@floating-ui/core/-/core-1.7.4.tgz. Extracting by manifest.
374 silly tarball no local data for @floating-ui/dom@https://registry.npmjs.org/@floating-ui/dom/-/dom-1.7.5.tgz. Extracting by manifest.
375 silly tarball no local data for @radix-ui/rect@https://registry.npmjs.org/@radix-ui/rect/-/rect-1.1.1.tgz. Extracting by manifest.
376 silly tarball no local data for @radix-ui/react-use-rect@https://registry.npmjs.org/@radix-ui/react-use-rect/-/react-use-rect-1.1.1.tgz. Extracting by manifest.
377 silly tarball no local data for @floating-ui/react-dom@https://registry.npmjs.org/@floating-ui/react-dom/-/react-dom-2.1.7.tgz. Extracting by manifest.
378 silly tarball no local data for @radix-ui/react-use-escape-keydown@https://registry.npmjs.org/@radix-ui/react-use-escape-keydown/-/react-use-escape-keydown-1.1.1.tgz. Extracting by manifest.
379 silly tarball no local data for @radix-ui/react-use-size@https://registry.npmjs.org/@radix-ui/react-use-size/-/react-use-size-1.1.1.tgz. Extracting by manifest.
380 silly tarball no local data for @radix-ui/react-portal@https://registry.npmjs.org/@radix-ui/react-portal/-/react-portal-1.1.9.tgz. Extracting by manifest.
381 silly tarball no local data for @radix-ui/react-popper@https://registry.npmjs.org/@radix-ui/react-popper/-/react-popper-1.2.8.tgz. Extracting by manifest.
382 silly tarball no local data for @radix-ui/react-arrow@https://registry.npmjs.org/@radix-ui/react-arrow/-/react-arrow-1.1.7.tgz. Extracting by manifest.
383 silly tarball no local data for @radix-ui/react-visually-hidden@https://registry.npmjs.org/@radix-ui/react-visually-hidden/-/react-visually-hidden-1.2.3.tgz. Extracting by manifest.
384 silly tarball no local data for sonner@https://registry.npmjs.org/sonner/-/sonner-2.0.7.tgz. Extracting by manifest.
385 silly tarball no local data for @radix-ui/react-dismissable-layer@https://registry.npmjs.org/@radix-ui/react-dismissable-layer/-/react-dismissable-layer-1.1.11.tgz. Extracting by manifest.
386 silly tarball no local data for next-themes@https://registry.npmjs.org/next-themes/-/next-themes-0.4.6.tgz. Extracting by manifest.
387 silly tarball no local data for motion@https://registry.npmjs.org/motion/-/motion-12.29.2.tgz. Extracting by manifest.
388 silly tarball no local data for tailwind-merge@https://registry.npmjs.org/tailwind-merge/-/tailwind-merge-3.4.0.tgz. Extracting by manifest.
389 silly tarball no local data for lucide-react@https://registry.npmjs.org/lucide-react/-/lucide-react-0.563.0.tgz. Extracting by manifest.
390 silly tarball no local data for class-variance-authority@https://registry.npmjs.org/class-variance-authority/-/class-variance-authority-0.7.1.tgz. Extracting by manifest.
391 silly tarball no local data for @radix-ui/react-tooltip@https://registry.npmjs.org/@radix-ui/react-tooltip/-/react-tooltip-1.2.8.tgz. Extracting by manifest.
392 silly tarball no local data for @radix-ui/react-toggle-group@https://registry.npmjs.org/@radix-ui/react-toggle-group/-/react-toggle-group-1.1.11.tgz. Extracting by manifest.
393 silly tarball no local data for clsx@https://registry.npmjs.org/clsx/-/clsx-2.1.1.tgz. Extracting by manifest.
394 silly tarball no local data for @radix-ui/react-slot@https://registry.npmjs.org/@radix-ui/react-slot/-/react-slot-1.2.4.tgz. Extracting by manifest.
395 silly tarball no local data for @radix-ui/react-toggle@https://registry.npmjs.org/@radix-ui/react-toggle/-/react-toggle-1.1.10.tgz. Extracting by manifest.
396 http fetch GET 200 https://registry.npmjs.org/@floating-ui/utils/-/utils-0.2.10.tgz 68ms (cache miss)
397 http fetch GET 200 https://registry.npmjs.org/motion-utils/-/motion-utils-12.29.2.tgz 73ms (cache miss)
398 http fetch GET 200 https://registry.npmjs.org/@floating-ui/core/-/core-1.7.4.tgz 84ms (cache miss)
399 http fetch GET 200 https://registry.npmjs.org/@radix-ui/react-visually-hidden/-/react-visually-hidden-1.2.3.tgz 92ms (cache miss)
400 http fetch GET 200 https://registry.npmjs.org/@radix-ui/react-dismissable-layer/-/react-dismissable-layer-1.1.11.tgz 112ms (cache miss)
401 http fetch GET 200 https://registry.npmjs.org/next-themes/-/next-themes-0.4.6.tgz 112ms (cache miss)
402 http fetch GET 200 https://registry.npmjs.org/sonner/-/sonner-2.0.7.tgz 112ms (cache miss)
403 http fetch GET 200 https://registry.npmjs.org/motion/-/motion-12.29.2.tgz 127ms (cache miss)
404 http fetch GET 200 https://registry.npmjs.org/@radix-ui/react-use-escape-keydown/-/react-use-escape-keydown-1.1.1.tgz 137ms (cache miss)
405 http fetch GET 200 https://registry.npmjs.org/@radix-ui/react-use-rect/-/react-use-rect-1.1.1.tgz 143ms (cache miss)
406 http fetch GET 200 https://registry.npmjs.org/@floating-ui/react-dom/-/react-dom-2.1.7.tgz 146ms (cache miss)
407 http fetch GET 200 https://registry.npmjs.org/@radix-ui/rect/-/rect-1.1.1.tgz 156ms (cache miss)
408 http fetch GET 200 https://registry.npmjs.org/@radix-ui/react-use-size/-/react-use-size-1.1.1.tgz 158ms (cache miss)
409 http fetch GET 200 https://registry.npmjs.org/@radix-ui/react-popper/-/react-popper-1.2.8.tgz 159ms (cache miss)
410 http fetch GET 200 https://registry.npmjs.org/@radix-ui/react-arrow/-/react-arrow-1.1.7.tgz 161ms (cache miss)
411 http fetch GET 200 https://registry.npmjs.org/@radix-ui/react-portal/-/react-portal-1.1.9.tgz 162ms (cache miss)
412 http fetch GET 200 https://registry.npmjs.org/class-variance-authority/-/class-variance-authority-0.7.1.tgz 162ms (cache miss)
413 http fetch GET 200 https://registry.npmjs.org/@floating-ui/dom/-/dom-1.7.5.tgz 167ms (cache miss)
414 http fetch GET 200 https://registry.npmjs.org/tailwind-merge/-/tailwind-merge-3.4.0.tgz 170ms (cache miss)
415 http fetch GET 200 https://registry.npmjs.org/clsx/-/clsx-2.1.1.tgz 169ms (cache miss)
416 http fetch GET 200 https://registry.npmjs.org/@radix-ui/react-toggle-group/-/react-toggle-group-1.1.11.tgz 178ms (cache miss)
417 http fetch GET 200 https://registry.npmjs.org/@radix-ui/react-toggle/-/react-toggle-1.1.10.tgz 182ms (cache miss)
418 http fetch GET 200 https://registry.npmjs.org/@radix-ui/react-slot/-/react-slot-1.2.4.tgz 191ms (cache miss)
419 http fetch POST 200 https://registry.npmjs.org/-/npm/v1/security/advisories/bulk 209ms
420 silly audit report {
420 silly audit report   next: [
420 silly audit report     {
420 silly audit report       id: 1112592,
420 silly audit report       url: 'https://github.com/advisories/GHSA-9g9p-9gw9-jx7f',
420 silly audit report       title: 'Next.js self-hosted applications vulnerable to DoS via Image Optimizer remotePatterns configuration',
420 silly audit report       severity: 'moderate',
420 silly audit report       vulnerable_versions: '>=15.6.0-canary.0 <16.1.5',
420 silly audit report       cwe: [Array],
420 silly audit report       cvss: [Object]
420 silly audit report     }
420 silly audit report   ]
420 silly audit report }
421 silly packumentCache corgi:https://registry.npmjs.org/next cache-miss
422 http fetch GET 200 https://registry.npmjs.org/next 83ms (cache revalidated)
423 silly packumentCache corgi:https://registry.npmjs.org/next set size:23596890 disposed:false
424 http fetch GET 200 https://registry.npmjs.org/@radix-ui/react-tooltip/-/react-tooltip-1.2.8.tgz 499ms (cache miss)
425 http fetch GET 200 https://registry.npmjs.org/motion-dom/-/motion-dom-12.29.2.tgz 545ms (cache miss)
426 http fetch GET 200 https://registry.npmjs.org/framer-motion/-/framer-motion-12.29.2.tgz 546ms (cache miss)
427 http fetch GET 200 https://registry.npmjs.org/lucide-react/-/lucide-react-0.563.0.tgz 987ms (cache miss)
428 silly ADD node_modules/motion-utils
429 silly ADD node_modules/motion-dom
430 silly ADD node_modules/framer-motion
431 silly ADD node_modules/@floating-ui/utils
432 silly ADD node_modules/@floating-ui/core
433 silly ADD node_modules/@floating-ui/dom
434 silly ADD node_modules/@radix-ui/rect
435 silly ADD node_modules/@radix-ui/react-use-size
436 silly ADD node_modules/@radix-ui/react-use-rect
437 silly ADD node_modules/@radix-ui/react-arrow
438 silly ADD node_modules/@floating-ui/react-dom
439 silly ADD node_modules/@radix-ui/react-use-escape-keydown
440 silly ADD node_modules/@radix-ui/react-visually-hidden
441 silly ADD node_modules/@radix-ui/react-portal
442 silly ADD node_modules/@radix-ui/react-popper
443 silly ADD node_modules/@radix-ui/react-dismissable-layer
444 silly ADD node_modules/tailwind-merge
445 silly ADD node_modules/sonner
446 silly ADD node_modules/next-themes
447 silly ADD node_modules/motion
448 silly ADD node_modules/lucide-react
449 silly ADD node_modules/clsx
450 silly ADD node_modules/class-variance-authority
451 silly ADD node_modules/@radix-ui/react-tooltip
452 silly ADD node_modules/@radix-ui/react-tooltip/node_modules/@radix-ui/react-slot
453 silly ADD node_modules/@radix-ui/react-toggle-group
454 silly ADD node_modules/@radix-ui/react-toggle
455 silly ADD
456 silly ADD
457 silly ADD
458 silly ADD
459 silly ADD
460 silly ADD
461 silly ADD
462 silly ADD
463 silly ADD
464 silly ADD
465 silly ADD
466 silly ADD
467 silly ADD
468 silly ADD
469 silly ADD
470 silly ADD
471 silly ADD
472 silly ADD
473 silly ADD
474 silly ADD
475 silly ADD
476 silly ADD
477 silly ADD
478 silly ADD
479 silly ADD
480 silly ADD
481 silly ADD
482 silly ADD
483 silly ADD
484 silly ADD
485 silly ADD
486 silly ADD
487 silly ADD
488 silly ADD
489 silly ADD
490 silly ADD
491 silly ADD
492 silly ADD
493 silly ADD
494 silly ADD
495 silly ADD
496 silly ADD
497 silly ADD
498 silly ADD
499 silly ADD
500 silly ADD
501 silly ADD
502 silly ADD
503 silly ADD
504 silly ADD
505 silly ADD
506 silly ADD
507 silly ADD
508 silly ADD
509 silly ADD
510 silly ADD
511 silly ADD
512 silly ADD
513 silly ADD
514 silly ADD
515 silly ADD
516 silly ADD
517 silly ADD
518 silly ADD
519 silly ADD
520 silly ADD
521 silly ADD
522 silly ADD
523 silly CHANGE node_modules/@radix-ui/react-slot
524 silly ADD node_modules/@radix-ui/react-primitive/node_modules/@radix-ui/react-slot
525 silly ADD node_modules/@radix-ui/react-collection/node_modules/@radix-ui/react-slot
526 verbose cwd /Users/ksenialukanina/Documents/Rest/restaurant-app
527 verbose os Darwin 24.6.0
528 verbose node v22.13.1
529 verbose npm  v10.9.2
530 verbose exit 0
531 info ok
